<?xml version="1.0" encoding="UTF-8"?>
<robot generator="Robot 6.0.2 (Python 3.9.16 on win32)" generated="20230810 17:34:59.216" rpa="false" schemaversion="3">
<suite id="s1" name="Dotdict Global Param 03" source="D:\ROBFW\components\robotframework-testsuitesmanagement\atest\atest_component\dotdict\testsuites\dotdict_global_param_03.robot">
<kw name="Testsuite Setup" library="testsuites" type="SETUP">
<arg>../../../general_config/testsuites_config.json</arg>
<doc>This testsuite_setup defines the ``Testsuite Setup`` which is used to loads the RobotFramework AIO configuration,
checks the version of RobotFramework AIO, and logs out the basic information of the robot run.</doc>
<msg timestamp="20230810 17:34:59.328" level="ERROR">Loading of JSON configuration file failed! 
          Reason: The variable '${params}['global']['dSUT']['abc']' is not available!
                  </msg>
<msg timestamp="20230810 17:34:59.328" level="UNKNOWN">Loading of JSON configuration file failed!</msg>
<status status="UNKNOWN" starttime="20230810 17:34:59.325" endtime="20230810 17:34:59.328"/>
</kw>
<test id="s1-t1" name="Test Dotdict Global Params 003" line="22">
<doc>"." is included in parameter name -&gt; could not using dotdict but the traiditional way still works</doc>
<status status="UNKNOWN" starttime="20230810 17:34:59.328" endtime="20230810 17:34:59.344">Parent suite setup unknown:
Loading of JSON configuration file failed!</status>
</test>
<kw name="Testsuite Teardown" library="testsuites" type="TEARDOWN">
<doc>This testsuite_teardown defines the ``Testsuite Teardown`` keyword, currently this keyword does nothing,
it's defined here for future requirements.</doc>
<msg timestamp="20230810 17:34:59.344" level="INFO">testsuite_teardown: Will be implemented later</msg>
<status status="PASS" starttime="20230810 17:34:59.344" endtime="20230810 17:34:59.344"/>
</kw>
<status status="UNKNOWN" starttime="20230810 17:34:59.216" endtime="20230810 17:34:59.344">Suite setup unknown:
Loading of JSON configuration file failed!</status>
</suite>
<statistics>
<total>
<stat pass="0" fail="0" skip="0" unknown="1">All Tests</stat>
</total>
<tag>
</tag>
<suite>
<stat pass="0" fail="0" skip="0" unknown="1" id="s1" name="Dotdict Global Param 03">Dotdict Global Param 03</stat>
</suite>
</statistics>
<errors>
<msg timestamp="20230810 17:34:59.328" level="ERROR">Loading of JSON configuration file failed! 
          Reason: The variable '${params}['global']['dSUT']['abc']' is not available!
                  </msg>
</errors>
</robot>
