<?xml version="1.0" encoding="UTF-8"?>
<robot generator="Robot 7.3.2 (Python 3.12.3 on linux)" generated="2025-10-01T07:04:07.076699" rpa="false" schemaversion="5">
<suite id="s1" name="Test None Version" source="/tmp/test_none_version.robot">
<kw name="Testsuite Setup" owner="tm" type="SETUP">
<msg time="2025-10-01T07:04:07.155592" level="ERROR">Testsuite management - Loading configuration level 2 failed!</msg>
<msg time="2025-10-01T07:04:07.155705" level="ERROR">The variant 'default' is not defined in '/tmp/test_config_none.json'.</msg>
<msg time="2025-10-01T07:04:07.155799" level="ERROR">Please find the suitable variant in this list: 'WelcomeString', 'Maximum_version', 'Minimum_version', 'Project', 'TargetName', 'params', </msg>
<msg time="2025-10-01T07:04:07.155983" level="FAIL">Unable to load the test configuration. The test execution will be aborted!</msg>
<arg>/tmp/test_config_none.json</arg>
<doc>This keyword loads the RobotFramework AIO configuration, checks the version of the RobotFramework AIO
and logs out the basic information about the test execution.</doc>
<status status="FAIL" start="2025-10-01T07:04:07.143066" elapsed="0.013035">Unable to load the test configuration. The test execution will be aborted!</status>
</kw>
<test id="s1-t1" name="Test Version Control With None Values" line="10">
<doc>Test that None values in version control work correctly</doc>
<status status="FAIL" start="2025-10-01T07:04:07.156209" elapsed="0.000862">Parent suite setup failed:
Unable to load the test configuration. The test execution will be aborted!</status>
</test>
<kw name="Testsuite Teardown" owner="tm" type="TEARDOWN">
<msg time="2025-10-01T07:04:07.157798" level="INFO">SUITE 'Test None Version' finished with result 'FAIL', reason: Suite setup failed:
Unable to load the test configuration. The test execution will be aborted!

1 test, 0 passed, 1 failed</msg>
<doc>This keyword writes information about the testsuite result to the log files.</doc>
<status status="PASS" start="2025-10-01T07:04:07.157569" elapsed="0.000277"/>
</kw>
<status status="FAIL" start="2025-10-01T07:04:07.077458" elapsed="0.080421">Suite setup failed:
Unable to load the test configuration. The test execution will be aborted!</status>
</suite>
<statistics>
<total>
<stat pass="0" fail="1" skip="0">All Tests</stat>
</total>
<tag>
</tag>
<suite>
<stat name="Test None Version" id="s1" pass="0" fail="1" skip="0">Test None Version</stat>
</suite>
</statistics>
<errors>
<msg time="2025-10-01T07:04:07.155592" level="ERROR">Testsuite management - Loading configuration level 2 failed!</msg>
<msg time="2025-10-01T07:04:07.155705" level="ERROR">The variant 'default' is not defined in '/tmp/test_config_none.json'.</msg>
<msg time="2025-10-01T07:04:07.155799" level="ERROR">Please find the suitable variant in this list: 'WelcomeString', 'Maximum_version', 'Minimum_version', 'Project', 'TargetName', 'params', </msg>
</errors>
</robot>
