==============================================================================
20230503 13:54:37.985 - INFO - + START SUITE: Tsm-Testfile-10-Fail [ ]
==============================================================================
20230503 13:54:37.996 - INFO - +- START SETUP: tm.Testsuite Setup [ ./config/tsm-test_variants.jsonp ]
20230503 13:54:38.024 - INFO - Set suite metadata 'project' to value 'tsm-test_config_variant1'.
20230503 13:54:38.024 - INFO - Set suite metadata 'machine' to value 'HI7-C-0005Y'.
20230503 13:54:38.025 - INFO - Set suite metadata 'tester' to value 'Queckenstedt Holger (XC-CT/ECA3)'.
20230503 13:54:38.026 - INFO - Set suite metadata 'testtool' to value 'Robot Framework 4.1.3 (Python 3.9.16 on win32)'.
20230503 13:54:38.026 - INFO - Set suite metadata 'version' to value '0.7.0'.
20230503 13:54:38.026 - INFO - Set suite metadata 'version_sw' to value ''.
20230503 13:54:38.026 - INFO - Set suite metadata 'version_hw' to value ''.
20230503 13:54:38.026 - INFO - Set suite metadata 'version_test' to value ''.
20230503 13:54:38.027 - INFO - ${teststring_common} = I am the common teststring valid for all variants and all test benches
20230503 13:54:38.027 - INFO - ${teststring_bench} = I am the teststring containing the default value for all test benches
20230503 13:54:38.028 - INFO - ${teststring_variant} = I am the 'variant1' configuration of tsm-test
20230503 13:54:38.028 - INFO - ${CONFIG} = {'WelcomeString': 'Hello... Robot Framework is running now!', 'Maximum_version': '1.0.0', 'Minimum_version': '0.6.0', 'Project': 'tsm-test_config_variant1', 'TargetName': 'Device_01', 'params': {}}
20230503 13:54:38.028 - INFO - Running with configuration level 2
20230503 13:54:38.028 - INFO - Parameters loaded from 'C:\RobotTest\projects\ROBFW_AIO\robotframework-testsuitesmanagement\test\testfiles\config\tsm-test_config_variant1.jsonp'
20230503 13:54:38.028 - INFO - Robot Framework AIO version check passed!
20230503 13:54:38.029 - INFO - Suite Path: 'C:\RobotTest\projects\ROBFW_AIO\robotframework-testsuitesmanagement\test\testfiles\'
20230503 13:54:38.029 - INFO - CfgFile Path: 'C:\RobotTest\projects\ROBFW_AIO\robotframework-testsuitesmanagement\test\testfiles\config\tsm-test_config_variant1.jsonp'
20230503 13:54:38.029 - INFO - Number of test suites: 1
20230503 13:54:38.029 - INFO - Total number of testcases: 1
20230503 13:54:38.029 - INFO - +- END SETUP: tm.Testsuite Setup (33)
------------------------------------------------------------------------------
20230503 13:54:38.029 - INFO - +- START TEST: Test Case tsm-testfile-10-fail [ ]
------------------------------------------------------------------------------
20230503 13:54:38.030 - INFO - +-- START SETUP: tm.Testcase Setup [ ]
20230503 13:54:38.030 - INFO - Test Count: 1
20230503 13:54:38.030 - INFO - +-- END SETUP: tm.Testcase Setup (0)
~~~~~~~~~~~~~~~~~~~~~~~~~~~~~~~~~~~~~~~~~~~~~~~~~~~~~~~~~~~~~~~~~~~~~~~~~~~~~~
20230503 13:54:38.031 - INFO - +-- START KEYWORD: rf.extensions.Pretty Print [ ${CONFIG.Project} | PARAMS-VERIFIKATION : ({CONFIG.Project} / tsm-testfile-10-fail) ]
20230503 13:54:38.031 - INFO - PARAMS-VERIFIKATION : ({CONFIG.Project} / tsm-testfile-10-fail) : [STR]  :  'tsm-test_config_variant1'
20230503 13:54:38.039 - INFO - +-- END KEYWORD: rf.extensions.Pretty Print (0)
~~~~~~~~~~~~~~~~~~~~~~~~~~~~~~~~~~~~~~~~~~~~~~~~~~~~~~~~~~~~~~~~~~~~~~~~~~~~~~
20230503 13:54:38.039 - INFO - +-- START KEYWORD: rf.extensions.Pretty Print [ ${teststring_common} | PARAMS-VERIFIKATION : ({teststring_common} / tsm-testfile-10-fail) ]
20230503 13:54:38.039 - INFO - PARAMS-VERIFIKATION : ({teststring_common} / tsm-testfile-10-fail) : [STR]  :  'I am the common teststring valid for all variants and all test benches'
20230503 13:54:38.041 - INFO - +-- END KEYWORD: rf.extensions.Pretty Print (0)
~~~~~~~~~~~~~~~~~~~~~~~~~~~~~~~~~~~~~~~~~~~~~~~~~~~~~~~~~~~~~~~~~~~~~~~~~~~~~~
20230503 13:54:38.041 - INFO - +-- START KEYWORD: rf.extensions.Pretty Print [ ${teststring_variant} | PARAMS-VERIFIKATION : ({teststring_variant} / tsm-testfile-10-fail) ]
20230503 13:54:38.041 - INFO - PARAMS-VERIFIKATION : ({teststring_variant} / tsm-testfile-10-fail) : [STR]  :  'I am the 'variant1' configuration of tsm-test'
20230503 13:54:38.043 - INFO - +-- END KEYWORD: rf.extensions.Pretty Print (1)
~~~~~~~~~~~~~~~~~~~~~~~~~~~~~~~~~~~~~~~~~~~~~~~~~~~~~~~~~~~~~~~~~~~~~~~~~~~~~~
20230503 13:54:38.043 - INFO - +-- START KEYWORD: rf.extensions.Pretty Print [ ${teststring_bench} | PARAMS-VERIFIKATION : ({teststring_bench} / tsm-testfile-10-fail) ]
20230503 13:54:38.043 - INFO - PARAMS-VERIFIKATION : ({teststring_bench} / tsm-testfile-10-fail) : [STR]  :  'I am the teststring containing the default value for all test benches'
20230503 13:54:38.046 - INFO - +-- END KEYWORD: rf.extensions.Pretty Print (0)
~~~~~~~~~~~~~~~~~~~~~~~~~~~~~~~~~~~~~~~~~~~~~~~~~~~~~~~~~~~~~~~~~~~~~~~~~~~~~~
20230503 13:54:38.046 - INFO - +-- START KEYWORD: BuiltIn.Fail [ ]
20230503 13:54:38.046 - FAIL - AssertionError
20230503 13:54:38.046 - DEBUG - Traceback (most recent call last):
  None
20230503 13:54:38.048 - INFO - +-- END KEYWORD: BuiltIn.Fail (0)
~~~~~~~~~~~~~~~~~~~~~~~~~~~~~~~~~~~~~~~~~~~~~~~~~~~~~~~~~~~~~~~~~~~~~~~~~~~~~~
20230503 13:54:38.048 - INFO - +-- START KEYWORD: BuiltIn.Log [ I must not be executed | console=yes ]
20230503 13:54:38.048 - INFO - +-- END KEYWORD: BuiltIn.Log (0)
~~~~~~~~~~~~~~~~~~~~~~~~~~~~~~~~~~~~~~~~~~~~~~~~~~~~~~~~~~~~~~~~~~~~~~~~~~~~~~
20230503 13:54:38.048 - INFO - +-- START TEARDOWN: tm.Testcase Teardown [ ]
20230503 13:54:38.048 - INFO - testcase_teardown: Will be implemented later
20230503 13:54:38.049 - INFO - +-- END TEARDOWN: tm.Testcase Teardown (0)
------------------------------------------------------------------------------
20230503 13:54:38.051 - INFO - +- END TEST: Test Case tsm-testfile-10-fail (20)
------------------------------------------------------------------------------
20230503 13:54:38.051 - INFO - +- START TEARDOWN: tm.Testsuite Teardown [ ]
20230503 13:54:38.051 - INFO - testsuite_teardown: Will be implemented later
20230503 13:54:38.051 - INFO - +- END TEARDOWN: tm.Testsuite Teardown (0)
==============================================================================
20230503 13:54:38.054 - INFO - + END SUITE: Tsm-Testfile-10-Fail (175)
==============================================================================
