<?xml version="1.0" encoding="UTF-8"?>
<robot generator="Robot 6.0.2 (Python 3.9.16 on win32)" generated="20230810 17:34:53.966" rpa="false" schemaversion="3">
<suite id="s1" name="Builtin Variable With Local Config" source="D:\ROBFW\components\robotframework-testsuitesmanagement\atest\atest_component\builtin_variable\testsuites\builtin_variable_with_local_config.robot">
<kw name="Testsuite Setup" library="testsuites" type="SETUP">
<arg>../../../general_config/testsuites_config.json</arg>
<doc>This testsuite_setup defines the ``Testsuite Setup`` which is used to loads the RobotFramework AIO configuration,
checks the version of RobotFramework AIO, and logs out the basic information of the robot run.</doc>
<msg timestamp="20230810 17:34:54.090" level="ERROR">Loading of JSON configuration file failed! 
          Reason: The variable '${params}['global']['dSUT']['abc']' is not available!
                  </msg>
<msg timestamp="20230810 17:34:54.090" level="UNKNOWN">Loading of JSON configuration file failed!</msg>
<status status="UNKNOWN" starttime="20230810 17:34:54.075" endtime="20230810 17:34:54.090"/>
</kw>
<test id="s1-t1" name="Test builtin Variable with Config level 1" line="25">
<status status="UNKNOWN" starttime="20230810 17:34:54.090" endtime="20230810 17:34:54.090">Parent suite setup unknown:
Loading of JSON configuration file failed!</status>
</test>
<kw name="Testsuite Teardown" library="testsuites" type="TEARDOWN">
<doc>This testsuite_teardown defines the ``Testsuite Teardown`` keyword, currently this keyword does nothing,
it's defined here for future requirements.</doc>
<msg timestamp="20230810 17:34:54.090" level="INFO">testsuite_teardown: Will be implemented later</msg>
<status status="PASS" starttime="20230810 17:34:54.090" endtime="20230810 17:34:54.090"/>
</kw>
<status status="UNKNOWN" starttime="20230810 17:34:53.981" endtime="20230810 17:34:54.090">Suite setup unknown:
Loading of JSON configuration file failed!</status>
</suite>
<statistics>
<total>
<stat pass="0" fail="0" skip="0" unknown="1">All Tests</stat>
</total>
<tag>
</tag>
<suite>
<stat pass="0" fail="0" skip="0" unknown="1" id="s1" name="Builtin Variable With Local Config">Builtin Variable With Local Config</stat>
</suite>
</statistics>
<errors>
<msg timestamp="20230810 17:34:54.090" level="ERROR">Loading of JSON configuration file failed! 
          Reason: The variable '${params}['global']['dSUT']['abc']' is not available!
                  </msg>
</errors>
</robot>
