==============================================================================
20230531 13:33:22.568 - INFO - + START SUITE: Tsm-Testfile-20-Fatal Error [ ]
==============================================================================
20230531 13:33:22.574 - INFO - +- START SETUP: tm.Testsuite Setup [ ./config/tsm-test_variants.jsonp ]
20230531 13:33:22.585 - INFO - Set suite metadata 'project' to value 'tsm-test_config_variant1'.
20230531 13:33:22.601 - INFO - Set suite metadata 'machine' to value 'HI7-C-0005Y'.
20230531 13:33:22.603 - INFO - Set suite metadata 'tester' to value 'Queckenstedt Holger (XC-CT/ECA3)'.
20230531 13:33:22.603 - INFO - Set suite metadata 'testtool' to value 'Robot Framework 6.0.2 (Python 3.9.16 on win32)'.
20230531 13:33:22.603 - INFO - Set suite metadata 'bundle_version' to value '0.8.0.0'.
20230531 13:33:22.603 - INFO - Set suite metadata 'version_sw' to value ''.
20230531 13:33:22.604 - INFO - Set suite metadata 'version_hw' to value ''.
20230531 13:33:22.604 - INFO - Set suite metadata 'version_test' to value ''.
20230531 13:33:22.604 - INFO - ${teststring_common} = I am the common teststring valid for all variants and all test benches
20230531 13:33:22.605 - INFO - ${teststring_bench} = I am the teststring containing the default value for all test benches
20230531 13:33:22.605 - INFO - ${teststring_variant} = I am the 'variant1' configuration of tsm-test
20230531 13:33:22.606 - INFO - ${CONFIG} = {'WelcomeString': 'Hello... Robot Framework is running now!', 'Maximum_version': '1.0.0', 'Minimum_version': '0.6.0', 'Project': 'tsm-test_config_variant1', 'TargetName': 'Device_01', 'params': {}}
20230531 13:33:22.606 - INFO - Running with configuration level 2
20230531 13:33:22.606 - INFO - Parameters loaded from 'C:/RobotTest/projects/ROBFW_AIO/robotframework-testsuitesmanagement/test/testfiles/config/tsm-test_config_variant1.jsonp'
20230531 13:33:22.606 - INFO - RobotFramework AIO version check passed!
20230531 13:33:22.606 - INFO - Suite Path: 'C:\RobotTest\projects\ROBFW_AIO\robotframework-testsuitesmanagement\test\testfiles\'
20230531 13:33:22.606 - INFO - CfgFile Path: 'C:/RobotTest/projects/ROBFW_AIO/robotframework-testsuitesmanagement/test/testfiles/config/tsm-test_config_variant1.jsonp'
20230531 13:33:22.606 - INFO - Number of test suites: 1
20230531 13:33:22.606 - INFO - Total number of testcases: 4
20230531 13:33:22.606 - INFO - +- END SETUP: tm.Testsuite Setup (32)
------------------------------------------------------------------------------
20230531 13:33:22.606 - INFO - +- START TEST: Test Case tsm-testfile-20-fatal_error-1 [ ]
------------------------------------------------------------------------------
20230531 13:33:22.607 - INFO - +-- START SETUP: tm.Testcase Setup [ ]
20230531 13:33:22.607 - INFO - Test Count: 1
20230531 13:33:22.608 - INFO - +-- END SETUP: tm.Testcase Setup (0)
~~~~~~~~~~~~~~~~~~~~~~~~~~~~~~~~~~~~~~~~~~~~~~~~~~~~~~~~~~~~~~~~~~~~~~~~~~~~~~
20230531 13:33:22.608 - INFO - +-- START KEYWORD: rf.extensions.Pretty Print [ ${CONFIG.Project} | PARAMS-VERIFIKATION : ({CONFIG.Project} / tsm-testfile-20-fatal_error-1) ]
20230531 13:33:22.608 - INFO - PARAMS-VERIFIKATION : ({CONFIG.Project} / tsm-testfile-20-fatal_error-1) : [STR]  :  'tsm-test_config_variant1'
20230531 13:33:22.610 - INFO - +-- END KEYWORD: rf.extensions.Pretty Print (1)
~~~~~~~~~~~~~~~~~~~~~~~~~~~~~~~~~~~~~~~~~~~~~~~~~~~~~~~~~~~~~~~~~~~~~~~~~~~~~~
20230531 13:33:22.610 - INFO - +-- START KEYWORD: rf.extensions.Pretty Print [ ${teststring_common} | PARAMS-VERIFIKATION : ({teststring_common} / tsm-testfile-20-fatal_error-1) ]
20230531 13:33:22.610 - INFO - PARAMS-VERIFIKATION : ({teststring_common} / tsm-testfile-20-fatal_error-1) : [STR]  :  'I am the common teststring valid for all variants and all test benches'
20230531 13:33:22.614 - INFO - +-- END KEYWORD: rf.extensions.Pretty Print (0)
~~~~~~~~~~~~~~~~~~~~~~~~~~~~~~~~~~~~~~~~~~~~~~~~~~~~~~~~~~~~~~~~~~~~~~~~~~~~~~
20230531 13:33:22.614 - INFO - +-- START KEYWORD: rf.extensions.Pretty Print [ ${teststring_variant} | PARAMS-VERIFIKATION : ({teststring_variant} / tsm-testfile-20-fatal_error-1) ]
20230531 13:33:22.614 - INFO - PARAMS-VERIFIKATION : ({teststring_variant} / tsm-testfile-20-fatal_error-1) : [STR]  :  'I am the 'variant1' configuration of tsm-test'
20230531 13:33:22.615 - INFO - +-- END KEYWORD: rf.extensions.Pretty Print (1)
~~~~~~~~~~~~~~~~~~~~~~~~~~~~~~~~~~~~~~~~~~~~~~~~~~~~~~~~~~~~~~~~~~~~~~~~~~~~~~
20230531 13:33:22.615 - INFO - +-- START KEYWORD: rf.extensions.Pretty Print [ ${teststring_bench} | PARAMS-VERIFIKATION : ({teststring_bench} / tsm-testfile-20-fatal_error-1) ]
20230531 13:33:22.615 - INFO - PARAMS-VERIFIKATION : ({teststring_bench} / tsm-testfile-20-fatal_error-1) : [STR]  :  'I am the teststring containing the default value for all test benches'
20230531 13:33:22.615 - INFO - +-- END KEYWORD: rf.extensions.Pretty Print (0)
~~~~~~~~~~~~~~~~~~~~~~~~~~~~~~~~~~~~~~~~~~~~~~~~~~~~~~~~~~~~~~~~~~~~~~~~~~~~~~
20230531 13:33:22.615 - INFO - +-- START TEARDOWN: tm.Testcase Teardown [ ]
20230531 13:33:22.617 - INFO - testcase_teardown: Will be implemented later
20230531 13:33:22.617 - INFO - +-- END TEARDOWN: tm.Testcase Teardown (2)
------------------------------------------------------------------------------
20230531 13:33:22.618 - INFO - +- END TEST: Test Case tsm-testfile-20-fatal_error-1 (11)
------------------------------------------------------------------------------
20230531 13:33:22.618 - INFO - +- START TEST: Test Case tsm-testfile-20-fatal_error-2 [ ]
------------------------------------------------------------------------------
20230531 13:33:22.619 - INFO - +-- START SETUP: tm.Testcase Setup [ ]
20230531 13:33:22.619 - INFO - Test Count: 2
20230531 13:33:22.619 - INFO - +-- END SETUP: tm.Testcase Setup (0)
~~~~~~~~~~~~~~~~~~~~~~~~~~~~~~~~~~~~~~~~~~~~~~~~~~~~~~~~~~~~~~~~~~~~~~~~~~~~~~
20230531 13:33:22.619 - INFO - +-- START KEYWORD: rf.extensions.Pretty Print [ ${CONFIG.Project} | PARAMS-VERIFIKATION : ({CONFIG.Project} / tsm-testfile-20-fatal_error-2) ]
20230531 13:33:22.620 - INFO - PARAMS-VERIFIKATION : ({CONFIG.Project} / tsm-testfile-20-fatal_error-2) : [STR]  :  'tsm-test_config_variant1'
20230531 13:33:22.622 - INFO - +-- END KEYWORD: rf.extensions.Pretty Print (2)
~~~~~~~~~~~~~~~~~~~~~~~~~~~~~~~~~~~~~~~~~~~~~~~~~~~~~~~~~~~~~~~~~~~~~~~~~~~~~~
20230531 13:33:22.622 - INFO - +-- START KEYWORD: rf.extensions.Pretty Print [ ${teststring_common} | PARAMS-VERIFIKATION : ({teststring_common} / tsm-testfile-20-fatal_error-2) ]
20230531 13:33:22.622 - INFO - PARAMS-VERIFIKATION : ({teststring_common} / tsm-testfile-20-fatal_error-2) : [STR]  :  'I am the common teststring valid for all variants and all test benches'
20230531 13:33:22.630 - INFO - +-- END KEYWORD: rf.extensions.Pretty Print (0)
~~~~~~~~~~~~~~~~~~~~~~~~~~~~~~~~~~~~~~~~~~~~~~~~~~~~~~~~~~~~~~~~~~~~~~~~~~~~~~
20230531 13:33:22.630 - INFO - +-- START KEYWORD: rf.extensions.Pretty Print [ ${teststring_variant} | PARAMS-VERIFIKATION : ({teststring_variant} / tsm-testfile-20-fatal_error-2) ]
20230531 13:33:22.630 - INFO - PARAMS-VERIFIKATION : ({teststring_variant} / tsm-testfile-20-fatal_error-2) : [STR]  :  'I am the 'variant1' configuration of tsm-test'
20230531 13:33:22.631 - INFO - +-- END KEYWORD: rf.extensions.Pretty Print (1)
~~~~~~~~~~~~~~~~~~~~~~~~~~~~~~~~~~~~~~~~~~~~~~~~~~~~~~~~~~~~~~~~~~~~~~~~~~~~~~
20230531 13:33:22.631 - INFO - +-- START KEYWORD: rf.extensions.Pretty Print [ ${teststring_bench} | PARAMS-VERIFIKATION : ({teststring_bench} / tsm-testfile-20-fatal_error-2) ]
20230531 13:33:22.631 - INFO - PARAMS-VERIFIKATION : ({teststring_bench} / tsm-testfile-20-fatal_error-2) : [STR]  :  'I am the teststring containing the default value for all test benches'
20230531 13:33:22.632 - INFO - +-- END KEYWORD: rf.extensions.Pretty Print (0)
~~~~~~~~~~~~~~~~~~~~~~~~~~~~~~~~~~~~~~~~~~~~~~~~~~~~~~~~~~~~~~~~~~~~~~~~~~~~~~
20230531 13:33:22.632 - INFO - +-- START KEYWORD: BuiltIn.Fatal Error [ ]
20230531 13:33:22.632 - FAIL - AssertionError
20230531 13:33:22.632 - DEBUG - Traceback (most recent call last):
  None
AssertionError
20230531 13:33:22.633 - INFO - +-- END KEYWORD: BuiltIn.Fatal Error (0)
~~~~~~~~~~~~~~~~~~~~~~~~~~~~~~~~~~~~~~~~~~~~~~~~~~~~~~~~~~~~~~~~~~~~~~~~~~~~~~
20230531 13:33:22.633 - INFO - +-- START KEYWORD: BuiltIn.Log [ I must not be executed | console=yes ]
20230531 13:33:22.634 - INFO - +-- END KEYWORD: BuiltIn.Log (0)
~~~~~~~~~~~~~~~~~~~~~~~~~~~~~~~~~~~~~~~~~~~~~~~~~~~~~~~~~~~~~~~~~~~~~~~~~~~~~~
20230531 13:33:22.634 - INFO - +-- START TEARDOWN: tm.Testcase Teardown [ ]
20230531 13:33:22.634 - INFO - testcase_teardown: Will be implemented later
20230531 13:33:22.634 - INFO - +-- END TEARDOWN: tm.Testcase Teardown (0)
------------------------------------------------------------------------------
20230531 13:33:22.636 - INFO - +- END TEST: Test Case tsm-testfile-20-fatal_error-2 (16)
------------------------------------------------------------------------------
20230531 13:33:22.636 - INFO - +- START TEST: Test Case tsm-testfile-20-fatal_error-3 [ ]
------------------------------------------------------------------------------
20230531 13:33:22.643 - INFO - +- END TEST: Test Case tsm-testfile-20-fatal_error-3 (2)
------------------------------------------------------------------------------
20230531 13:33:22.643 - INFO - +- START TEST: Test Case tsm-testfile-20-fatal_error-4 [ ]
------------------------------------------------------------------------------
20230531 13:33:22.646 - INFO - +- END TEST: Test Case tsm-testfile-20-fatal_error-4 (1)
------------------------------------------------------------------------------
20230531 13:33:22.646 - INFO - +- START TEARDOWN: tm.Testsuite Teardown [ ]
20230531 13:33:22.646 - INFO - testsuite_teardown: Will be implemented later
20230531 13:33:22.646 - INFO - +- END TEARDOWN: tm.Testsuite Teardown (0)
==============================================================================
20230531 13:33:22.648 - INFO - + END SUITE: Tsm-Testfile-20-Fatal Error (203)
==============================================================================
