<?xml version="1.0" encoding="UTF-8"?>
<robot generator="Robot 6.0.2 (Python 3.9.16 on win32)" generated="20230531 13:33:22.427" rpa="false" schemaversion="3">
<suite id="s1" name="Tsm-Testfile-20-Fatal Error" source="C:\RobotTest\projects\ROBFW_AIO\robotframework-testsuitesmanagement\test\testfiles\tsm-testfile-20-fatal_error.robot">
<kw name="Testsuite Setup" library="tm" type="SETUP">
<arg>./config/tsm-test_variants.jsonp</arg>
<doc>This testsuite_setup defines the ``Testsuite Setup`` which is used to loads the RobotFramework AIO configuration,
checks the version of RobotFramework AIO, and logs out the basic information of the robot run.</doc>
<msg timestamp="20230531 13:33:22.585" level="INFO">Set suite metadata 'project' to value 'tsm-test_config_variant1'.</msg>
<msg timestamp="20230531 13:33:22.601" level="INFO">Set suite metadata 'machine' to value 'HI7-C-0005Y'.</msg>
<msg timestamp="20230531 13:33:22.603" level="INFO">Set suite metadata 'tester' to value 'Queckenstedt Holger (XC-CT/ECA3)'.</msg>
<msg timestamp="20230531 13:33:22.603" level="INFO">Set suite metadata 'testtool' to value 'Robot Framework 6.0.2 (Python 3.9.16 on win32)'.</msg>
<msg timestamp="20230531 13:33:22.603" level="INFO">Set suite metadata 'bundle_version' to value '0.8.0.0'.</msg>
<msg timestamp="20230531 13:33:22.603" level="INFO">Set suite metadata 'version_sw' to value ''.</msg>
<msg timestamp="20230531 13:33:22.604" level="INFO">Set suite metadata 'version_hw' to value ''.</msg>
<msg timestamp="20230531 13:33:22.604" level="INFO">Set suite metadata 'version_test' to value ''.</msg>
<msg timestamp="20230531 13:33:22.604" level="INFO">${teststring_common} = I am the common teststring valid for all variants and all test benches</msg>
<msg timestamp="20230531 13:33:22.605" level="INFO">${teststring_bench} = I am the teststring containing the default value for all test benches</msg>
<msg timestamp="20230531 13:33:22.605" level="INFO">${teststring_variant} = I am the 'variant1' configuration of tsm-test</msg>
<msg timestamp="20230531 13:33:22.606" level="INFO">${CONFIG} = {'WelcomeString': 'Hello... Robot Framework is running now!', 'Maximum_version': '1.0.0', 'Minimum_version': '0.6.0', 'Project': 'tsm-test_config_variant1', 'TargetName': 'Device_01', 'params': {}}</msg>
<msg timestamp="20230531 13:33:22.606" level="INFO">Running with configuration level 2</msg>
<msg timestamp="20230531 13:33:22.606" level="INFO">Parameters loaded from 'C:/RobotTest/projects/ROBFW_AIO/robotframework-testsuitesmanagement/test/testfiles/config/tsm-test_config_variant1.jsonp'</msg>
<msg timestamp="20230531 13:33:22.606" level="INFO">RobotFramework AIO version check passed!</msg>
<msg timestamp="20230531 13:33:22.606" level="INFO">Suite Path: 'C:\RobotTest\projects\ROBFW_AIO\robotframework-testsuitesmanagement\test\testfiles\'</msg>
<msg timestamp="20230531 13:33:22.606" level="INFO">CfgFile Path: 'C:/RobotTest/projects/ROBFW_AIO/robotframework-testsuitesmanagement/test/testfiles/config/tsm-test_config_variant1.jsonp'</msg>
<msg timestamp="20230531 13:33:22.606" level="INFO">Number of test suites: 1</msg>
<msg timestamp="20230531 13:33:22.606" level="INFO">Total number of testcases: 4</msg>
<status status="PASS" starttime="20230531 13:33:22.574" endtime="20230531 13:33:22.606"/>
</kw>
<test id="s1-t1" name="Test Case tsm-testfile-20-fatal_error-1" line="33">
<kw name="Testcase Setup" library="tm" type="SETUP">
<doc>This testcase_setup defines the ``Testcase Setup`` keyword, currently this keyword does nothing,
it's defined here for future requirements.</doc>
<msg timestamp="20230531 13:33:22.607" level="INFO">Test Count: 1</msg>
<status status="PASS" starttime="20230531 13:33:22.607" endtime="20230531 13:33:22.607"/>
</kw>
<kw name="Pretty Print" library="rf.extensions">
<arg>${CONFIG.Project}</arg>
<arg>PARAMS-VERIFIKATION : ({CONFIG.Project} / tsm-testfile-20-fatal_error-1)</arg>
<doc>The ``pretty_print`` keyword logs the content of parameters of any Python data type (input: ``oData``).</doc>
<msg timestamp="20230531 13:33:22.608" level="INFO">PARAMS-VERIFIKATION : ({CONFIG.Project} / tsm-testfile-20-fatal_error-1) : [STR]  :  'tsm-test_config_variant1'</msg>
<status status="PASS" starttime="20230531 13:33:22.608" endtime="20230531 13:33:22.609"/>
</kw>
<kw name="Pretty Print" library="rf.extensions">
<arg>${teststring_common}</arg>
<arg>PARAMS-VERIFIKATION : ({teststring_common} / tsm-testfile-20-fatal_error-1)</arg>
<doc>The ``pretty_print`` keyword logs the content of parameters of any Python data type (input: ``oData``).</doc>
<msg timestamp="20230531 13:33:22.610" level="INFO">PARAMS-VERIFIKATION : ({teststring_common} / tsm-testfile-20-fatal_error-1) : [STR]  :  'I am the common teststring valid for all variants and all test benches'</msg>
<status status="PASS" starttime="20230531 13:33:22.610" endtime="20230531 13:33:22.610"/>
</kw>
<kw name="Pretty Print" library="rf.extensions">
<arg>${teststring_variant}</arg>
<arg>PARAMS-VERIFIKATION : ({teststring_variant} / tsm-testfile-20-fatal_error-1)</arg>
<doc>The ``pretty_print`` keyword logs the content of parameters of any Python data type (input: ``oData``).</doc>
<msg timestamp="20230531 13:33:22.614" level="INFO">PARAMS-VERIFIKATION : ({teststring_variant} / tsm-testfile-20-fatal_error-1) : [STR]  :  'I am the 'variant1' configuration of tsm-test'</msg>
<status status="PASS" starttime="20230531 13:33:22.614" endtime="20230531 13:33:22.615"/>
</kw>
<kw name="Pretty Print" library="rf.extensions">
<arg>${teststring_bench}</arg>
<arg>PARAMS-VERIFIKATION : ({teststring_bench} / tsm-testfile-20-fatal_error-1)</arg>
<doc>The ``pretty_print`` keyword logs the content of parameters of any Python data type (input: ``oData``).</doc>
<msg timestamp="20230531 13:33:22.615" level="INFO">PARAMS-VERIFIKATION : ({teststring_bench} / tsm-testfile-20-fatal_error-1) : [STR]  :  'I am the teststring containing the default value for all test benches'</msg>
<status status="PASS" starttime="20230531 13:33:22.615" endtime="20230531 13:33:22.615"/>
</kw>
<kw name="Testcase Teardown" library="tm" type="TEARDOWN">
<doc>This testcase_teardown defines the ``Testcase Teardown`` keyword, currently this keyword does nothing,
it's defined here for future requirements.</doc>
<msg timestamp="20230531 13:33:22.617" level="INFO">testcase_teardown: Will be implemented later</msg>
<status status="PASS" starttime="20230531 13:33:22.615" endtime="20230531 13:33:22.617"/>
</kw>
<doc>tsm-testfile-20-fatal_error-1</doc>
<status status="PASS" starttime="20230531 13:33:22.606" endtime="20230531 13:33:22.617"/>
</test>
<test id="s1-t2" name="Test Case tsm-testfile-20-fatal_error-2" line="40">
<kw name="Testcase Setup" library="tm" type="SETUP">
<doc>This testcase_setup defines the ``Testcase Setup`` keyword, currently this keyword does nothing,
it's defined here for future requirements.</doc>
<msg timestamp="20230531 13:33:22.619" level="INFO">Test Count: 2</msg>
<status status="PASS" starttime="20230531 13:33:22.619" endtime="20230531 13:33:22.619"/>
</kw>
<kw name="Pretty Print" library="rf.extensions">
<arg>${CONFIG.Project}</arg>
<arg>PARAMS-VERIFIKATION : ({CONFIG.Project} / tsm-testfile-20-fatal_error-2)</arg>
<doc>The ``pretty_print`` keyword logs the content of parameters of any Python data type (input: ``oData``).</doc>
<msg timestamp="20230531 13:33:22.620" level="INFO">PARAMS-VERIFIKATION : ({CONFIG.Project} / tsm-testfile-20-fatal_error-2) : [STR]  :  'tsm-test_config_variant1'</msg>
<status status="PASS" starttime="20230531 13:33:22.619" endtime="20230531 13:33:22.621"/>
</kw>
<kw name="Pretty Print" library="rf.extensions">
<arg>${teststring_common}</arg>
<arg>PARAMS-VERIFIKATION : ({teststring_common} / tsm-testfile-20-fatal_error-2)</arg>
<doc>The ``pretty_print`` keyword logs the content of parameters of any Python data type (input: ``oData``).</doc>
<msg timestamp="20230531 13:33:22.622" level="INFO">PARAMS-VERIFIKATION : ({teststring_common} / tsm-testfile-20-fatal_error-2) : [STR]  :  'I am the common teststring valid for all variants and all test benches'</msg>
<status status="PASS" starttime="20230531 13:33:22.622" endtime="20230531 13:33:22.622"/>
</kw>
<kw name="Pretty Print" library="rf.extensions">
<arg>${teststring_variant}</arg>
<arg>PARAMS-VERIFIKATION : ({teststring_variant} / tsm-testfile-20-fatal_error-2)</arg>
<doc>The ``pretty_print`` keyword logs the content of parameters of any Python data type (input: ``oData``).</doc>
<msg timestamp="20230531 13:33:22.630" level="INFO">PARAMS-VERIFIKATION : ({teststring_variant} / tsm-testfile-20-fatal_error-2) : [STR]  :  'I am the 'variant1' configuration of tsm-test'</msg>
<status status="PASS" starttime="20230531 13:33:22.630" endtime="20230531 13:33:22.631"/>
</kw>
<kw name="Pretty Print" library="rf.extensions">
<arg>${teststring_bench}</arg>
<arg>PARAMS-VERIFIKATION : ({teststring_bench} / tsm-testfile-20-fatal_error-2)</arg>
<doc>The ``pretty_print`` keyword logs the content of parameters of any Python data type (input: ``oData``).</doc>
<msg timestamp="20230531 13:33:22.631" level="INFO">PARAMS-VERIFIKATION : ({teststring_bench} / tsm-testfile-20-fatal_error-2) : [STR]  :  'I am the teststring containing the default value for all test benches'</msg>
<status status="PASS" starttime="20230531 13:33:22.631" endtime="20230531 13:33:22.631"/>
</kw>
<kw name="Fatal Error" library="BuiltIn">
<doc>Stops the whole test execution.</doc>
<msg timestamp="20230531 13:33:22.632" level="FAIL">AssertionError</msg>
<status status="FAIL" starttime="20230531 13:33:22.632" endtime="20230531 13:33:22.632"/>
</kw>
<kw name="Log" library="BuiltIn">
<arg>I must not be executed</arg>
<arg>console=yes</arg>
<doc>Logs the given message with the given level.</doc>
<status status="NOT RUN" starttime="20230531 13:33:22.633" endtime="20230531 13:33:22.633"/>
</kw>
<kw name="Testcase Teardown" library="tm" type="TEARDOWN">
<doc>This testcase_teardown defines the ``Testcase Teardown`` keyword, currently this keyword does nothing,
it's defined here for future requirements.</doc>
<msg timestamp="20230531 13:33:22.634" level="INFO">testcase_teardown: Will be implemented later</msg>
<status status="PASS" starttime="20230531 13:33:22.634" endtime="20230531 13:33:22.634"/>
</kw>
<doc>tsm-testfile-20-fatal_error-2</doc>
<status status="FAIL" starttime="20230531 13:33:22.618" endtime="20230531 13:33:22.634">AssertionError</status>
</test>
<test id="s1-t3" name="Test Case tsm-testfile-20-fatal_error-3" line="51">
<doc>tsm-testfile-20-fatal_error-3</doc>
<tag>robot:exit</tag>
<status status="UNKNOWN" starttime="20230531 13:33:22.636" endtime="20230531 13:33:22.638">Test execution stopped due to a fatal error.</status>
</test>
<test id="s1-t4" name="Test Case tsm-testfile-20-fatal_error-4" line="60">
<doc>tsm-testfile-20-fatal_error-4</doc>
<tag>robot:exit</tag>
<status status="UNKNOWN" starttime="20230531 13:33:22.643" endtime="20230531 13:33:22.644">Test execution stopped due to a fatal error.</status>
</test>
<kw name="Testsuite Teardown" library="tm" type="TEARDOWN">
<doc>This testsuite_teardown defines the ``Testsuite Teardown`` keyword, currently this keyword does nothing,
it's defined here for future requirements.</doc>
<msg timestamp="20230531 13:33:22.646" level="INFO">testsuite_teardown: Will be implemented later</msg>
<status status="PASS" starttime="20230531 13:33:22.646" endtime="20230531 13:33:22.646"/>
</kw>
<meta name="bundle_version">0.8.0.0</meta>
<meta name="machine">HI7-C-0005Y</meta>
<meta name="project">tsm-test_config_variant1</meta>
<meta name="tester">Queckenstedt Holger (XC-CT/ECA3)</meta>
<meta name="testtool">Robot Framework 6.0.2 (Python 3.9.16 on win32)</meta>
<meta name="version_hw"/>
<meta name="version_sw"/>
<meta name="version_test"/>
<status status="UNKNOWN" starttime="20230531 13:33:22.443" endtime="20230531 13:33:22.646"/>
</suite>
<statistics>
<total>
<stat pass="1" fail="1" skip="0" unknown="2">All Tests</stat>
</total>
<tag>
<stat pass="1" fail="1" skip="0" unknown="0" info="combined" combined="NOT robot:exit">NOT robot:exit</stat>
</tag>
<suite>
<stat pass="1" fail="1" skip="0" unknown="2" id="s1" name="Tsm-Testfile-20-Fatal Error">Tsm-Testfile-20-Fatal Error</stat>
</suite>
</statistics>
<errors>
</errors>
</robot>
