<?xml version="1.0" encoding="UTF-8"?>
<robot generator="Robot 4.1.3 (Python 3.9.16 on win32)" generated="20230503 13:54:42.166" rpa="false" schemaversion="2">
<suite id="s1" name="Tsm-Testfile-18-Several Tests" source="C:\RobotTest\projects\ROBFW_AIO\robotframework-testsuitesmanagement\test\testfiles\tsm-testfile-18-several_tests.robot">
<kw name="Testsuite Setup" library="tm" type="SETUP">
<arg>./config/tsm-test_variants.json</arg>
<doc>This testsuite_setup defines the ``Testsuite Setup`` which is used to loads the RobotFramework AIO configuration,
checks the version of RobotFramework AIO, and logs out the basic information of the robot run.</doc>
<msg timestamp="20230503 13:54:42.308" level="INFO">Set suite metadata 'project' to value 'tsm-test_config_variant1'.</msg>
<msg timestamp="20230503 13:54:42.308" level="INFO">Set suite metadata 'machine' to value 'HI7-C-0005Y'.</msg>
<msg timestamp="20230503 13:54:42.310" level="INFO">Set suite metadata 'tester' to value 'Queckenstedt Holger (XC-CT/ECA3)'.</msg>
<msg timestamp="20230503 13:54:42.311" level="INFO">Set suite metadata 'testtool' to value 'Robot Framework 4.1.3 (Python 3.9.16 on win32)'.</msg>
<msg timestamp="20230503 13:54:42.311" level="INFO">Set suite metadata 'version' to value '0.7.0'.</msg>
<msg timestamp="20230503 13:54:42.311" level="INFO">Set suite metadata 'version_sw' to value ''.</msg>
<msg timestamp="20230503 13:54:42.311" level="INFO">Set suite metadata 'version_hw' to value ''.</msg>
<msg timestamp="20230503 13:54:42.311" level="INFO">Set suite metadata 'version_test' to value ''.</msg>
<msg timestamp="20230503 13:54:42.311" level="INFO">${teststring_common} = I am the common teststring valid for all variants and all test benches</msg>
<msg timestamp="20230503 13:54:42.312" level="INFO">${teststring_bench} = I am the teststring containing the default value for all test benches</msg>
<msg timestamp="20230503 13:54:42.313" level="INFO">${teststring_variant} = I am the 'variant1' configuration of tsm-test</msg>
<msg timestamp="20230503 13:54:42.313" level="INFO">${CONFIG} = {'WelcomeString': 'Hello... Robot Framework is running now!', 'Maximum_version': '1.0.0', 'Minimum_version': '0.6.0', 'Project': 'tsm-test_config_variant1', 'TargetName': 'Device_01', 'params': {}}</msg>
<msg timestamp="20230503 13:54:42.313" level="INFO">Running with configuration level 2</msg>
<msg timestamp="20230503 13:54:42.313" level="INFO">Parameters loaded from 'C:\RobotTest\projects\ROBFW_AIO\robotframework-testsuitesmanagement\test\testfiles\config\tsm-test_config_variant1.json'</msg>
<msg timestamp="20230503 13:54:42.314" level="INFO">Robot Framework AIO version check passed!</msg>
<msg timestamp="20230503 13:54:42.314" level="INFO">Suite Path: 'C:\RobotTest\projects\ROBFW_AIO\robotframework-testsuitesmanagement\test\testfiles\'</msg>
<msg timestamp="20230503 13:54:42.314" level="INFO">CfgFile Path: 'C:\RobotTest\projects\ROBFW_AIO\robotframework-testsuitesmanagement\test\testfiles\config\tsm-test_config_variant1.json'</msg>
<msg timestamp="20230503 13:54:42.314" level="INFO">Number of test suites: 1</msg>
<msg timestamp="20230503 13:54:42.314" level="INFO">Total number of testcases: 9</msg>
<status status="PASS" starttime="20230503 13:54:42.282" endtime="20230503 13:54:42.314"/>
</kw>
<test id="s1-t1" name="Test Case tsm-testfile-18-several_tests-1-passed">
<kw name="Testcase Setup" library="tm" type="SETUP">
<doc>This testcase_setup defines the ``Testcase Setup`` keyword, currently this keyword does nothing,
it's defined here for future requirements.</doc>
<msg timestamp="20230503 13:54:42.315" level="INFO">Test Count: 1</msg>
<status status="PASS" starttime="20230503 13:54:42.315" endtime="20230503 13:54:42.315"/>
</kw>
<kw name="Pretty Print" library="rf.extensions">
<arg>${CONFIG.Project}</arg>
<arg>PARAMS-VERIFIKATION : ({CONFIG.Project} / tsm-testfile-18-several_tests-1-passed)</arg>
<doc>The ``pretty_print`` keyword logs the content of parameters of any Python data type (input: ``oData``).</doc>
<msg timestamp="20230503 13:54:42.316" level="INFO">PARAMS-VERIFIKATION : ({CONFIG.Project} / tsm-testfile-18-several_tests-1-passed) : [STR]  :  'tsm-test_config_variant1'</msg>
<status status="PASS" starttime="20230503 13:54:42.316" endtime="20230503 13:54:42.316"/>
</kw>
<kw name="Pretty Print" library="rf.extensions">
<arg>${teststring_common}</arg>
<arg>PARAMS-VERIFIKATION : ({teststring_common} / tsm-testfile-18-several_tests-1-passed)</arg>
<doc>The ``pretty_print`` keyword logs the content of parameters of any Python data type (input: ``oData``).</doc>
<msg timestamp="20230503 13:54:42.320" level="INFO">PARAMS-VERIFIKATION : ({teststring_common} / tsm-testfile-18-several_tests-1-passed) : [STR]  :  'I am the common teststring valid for all variants and all test benches'</msg>
<status status="PASS" starttime="20230503 13:54:42.320" endtime="20230503 13:54:42.320"/>
</kw>
<kw name="Pretty Print" library="rf.extensions">
<arg>${teststring_variant}</arg>
<arg>PARAMS-VERIFIKATION : ({teststring_variant} / tsm-testfile-18-several_tests-1-passed)</arg>
<doc>The ``pretty_print`` keyword logs the content of parameters of any Python data type (input: ``oData``).</doc>
<msg timestamp="20230503 13:54:42.321" level="INFO">PARAMS-VERIFIKATION : ({teststring_variant} / tsm-testfile-18-several_tests-1-passed) : [STR]  :  'I am the 'variant1' configuration of tsm-test'</msg>
<status status="PASS" starttime="20230503 13:54:42.321" endtime="20230503 13:54:42.322"/>
</kw>
<kw name="Pretty Print" library="rf.extensions">
<arg>${teststring_bench}</arg>
<arg>PARAMS-VERIFIKATION : ({teststring_bench} / tsm-testfile-18-several_tests-1-passed)</arg>
<doc>The ``pretty_print`` keyword logs the content of parameters of any Python data type (input: ``oData``).</doc>
<msg timestamp="20230503 13:54:42.322" level="INFO">PARAMS-VERIFIKATION : ({teststring_bench} / tsm-testfile-18-several_tests-1-passed) : [STR]  :  'I am the teststring containing the default value for all test benches'</msg>
<status status="PASS" starttime="20230503 13:54:42.322" endtime="20230503 13:54:42.323"/>
</kw>
<kw name="Testcase Teardown" library="tm" type="TEARDOWN">
<doc>This testcase_teardown defines the ``Testcase Teardown`` keyword, currently this keyword does nothing,
it's defined here for future requirements.</doc>
<msg timestamp="20230503 13:54:42.324" level="INFO">testcase_teardown: Will be implemented later</msg>
<status status="PASS" starttime="20230503 13:54:42.324" endtime="20230503 13:54:42.324"/>
</kw>
<doc>tsm-testfile-18-several_tests-1-passed</doc>
<status status="PASS" starttime="20230503 13:54:42.314" endtime="20230503 13:54:42.324"/>
</test>
<test id="s1-t2" name="Test Case tsm-testfile-18-several_tests-2-passed">
<kw name="Testcase Setup" library="tm" type="SETUP">
<doc>This testcase_setup defines the ``Testcase Setup`` keyword, currently this keyword does nothing,
it's defined here for future requirements.</doc>
<msg timestamp="20230503 13:54:42.326" level="INFO">Test Count: 2</msg>
<status status="PASS" starttime="20230503 13:54:42.326" endtime="20230503 13:54:42.326"/>
</kw>
<kw name="Pretty Print" library="rf.extensions">
<arg>${CONFIG.Project}</arg>
<arg>PARAMS-VERIFIKATION : ({CONFIG.Project} / tsm-testfile-18-several_tests-2-passed)</arg>
<doc>The ``pretty_print`` keyword logs the content of parameters of any Python data type (input: ``oData``).</doc>
<msg timestamp="20230503 13:54:42.327" level="INFO">PARAMS-VERIFIKATION : ({CONFIG.Project} / tsm-testfile-18-several_tests-2-passed) : [STR]  :  'tsm-test_config_variant1'</msg>
<status status="PASS" starttime="20230503 13:54:42.326" endtime="20230503 13:54:42.327"/>
</kw>
<kw name="Pretty Print" library="rf.extensions">
<arg>${teststring_common}</arg>
<arg>PARAMS-VERIFIKATION : ({teststring_common} / tsm-testfile-18-several_tests-2-passed)</arg>
<doc>The ``pretty_print`` keyword logs the content of parameters of any Python data type (input: ``oData``).</doc>
<msg timestamp="20230503 13:54:42.328" level="INFO">PARAMS-VERIFIKATION : ({teststring_common} / tsm-testfile-18-several_tests-2-passed) : [STR]  :  'I am the common teststring valid for all variants and all test benches'</msg>
<status status="PASS" starttime="20230503 13:54:42.328" endtime="20230503 13:54:42.328"/>
</kw>
<kw name="Pretty Print" library="rf.extensions">
<arg>${teststring_variant}</arg>
<arg>PARAMS-VERIFIKATION : ({teststring_variant} / tsm-testfile-18-several_tests-2-passed)</arg>
<doc>The ``pretty_print`` keyword logs the content of parameters of any Python data type (input: ``oData``).</doc>
<msg timestamp="20230503 13:54:42.329" level="INFO">PARAMS-VERIFIKATION : ({teststring_variant} / tsm-testfile-18-several_tests-2-passed) : [STR]  :  'I am the 'variant1' configuration of tsm-test'</msg>
<status status="PASS" starttime="20230503 13:54:42.329" endtime="20230503 13:54:42.329"/>
</kw>
<kw name="Pretty Print" library="rf.extensions">
<arg>${teststring_bench}</arg>
<arg>PARAMS-VERIFIKATION : ({teststring_bench} / tsm-testfile-18-several_tests-2-passed)</arg>
<doc>The ``pretty_print`` keyword logs the content of parameters of any Python data type (input: ``oData``).</doc>
<msg timestamp="20230503 13:54:42.330" level="INFO">PARAMS-VERIFIKATION : ({teststring_bench} / tsm-testfile-18-several_tests-2-passed) : [STR]  :  'I am the teststring containing the default value for all test benches'</msg>
<status status="PASS" starttime="20230503 13:54:42.330" endtime="20230503 13:54:42.330"/>
</kw>
<kw name="Testcase Teardown" library="tm" type="TEARDOWN">
<doc>This testcase_teardown defines the ``Testcase Teardown`` keyword, currently this keyword does nothing,
it's defined here for future requirements.</doc>
<msg timestamp="20230503 13:54:42.331" level="INFO">testcase_teardown: Will be implemented later</msg>
<status status="PASS" starttime="20230503 13:54:42.331" endtime="20230503 13:54:42.331"/>
</kw>
<doc>tsm-testfile-18-several_tests-2-passed</doc>
<status status="PASS" starttime="20230503 13:54:42.325" endtime="20230503 13:54:42.331"/>
</test>
<test id="s1-t3" name="Test Case tsm-testfile-18-several_tests-3-failed">
<kw name="Testcase Setup" library="tm" type="SETUP">
<doc>This testcase_setup defines the ``Testcase Setup`` keyword, currently this keyword does nothing,
it's defined here for future requirements.</doc>
<msg timestamp="20230503 13:54:42.334" level="INFO">Test Count: 3</msg>
<status status="PASS" starttime="20230503 13:54:42.333" endtime="20230503 13:54:42.334"/>
</kw>
<kw name="Pretty Print" library="rf.extensions">
<arg>${CONFIG.Project}</arg>
<arg>PARAMS-VERIFIKATION : ({CONFIG.Project} / tsm-testfile-18-several_tests-3-failed)</arg>
<doc>The ``pretty_print`` keyword logs the content of parameters of any Python data type (input: ``oData``).</doc>
<msg timestamp="20230503 13:54:42.334" level="INFO">PARAMS-VERIFIKATION : ({CONFIG.Project} / tsm-testfile-18-several_tests-3-failed) : [STR]  :  'tsm-test_config_variant1'</msg>
<status status="PASS" starttime="20230503 13:54:42.334" endtime="20230503 13:54:42.335"/>
</kw>
<kw name="Pretty Print" library="rf.extensions">
<arg>${teststring_common}</arg>
<arg>PARAMS-VERIFIKATION : ({teststring_common} / tsm-testfile-18-several_tests-3-failed)</arg>
<doc>The ``pretty_print`` keyword logs the content of parameters of any Python data type (input: ``oData``).</doc>
<msg timestamp="20230503 13:54:42.335" level="INFO">PARAMS-VERIFIKATION : ({teststring_common} / tsm-testfile-18-several_tests-3-failed) : [STR]  :  'I am the common teststring valid for all variants and all test benches'</msg>
<status status="PASS" starttime="20230503 13:54:42.335" endtime="20230503 13:54:42.336"/>
</kw>
<kw name="Pretty Print" library="rf.extensions">
<arg>${teststring_variant}</arg>
<arg>PARAMS-VERIFIKATION : ({teststring_variant} / tsm-testfile-18-several_tests-3-failed)</arg>
<doc>The ``pretty_print`` keyword logs the content of parameters of any Python data type (input: ``oData``).</doc>
<msg timestamp="20230503 13:54:42.336" level="INFO">PARAMS-VERIFIKATION : ({teststring_variant} / tsm-testfile-18-several_tests-3-failed) : [STR]  :  'I am the 'variant1' configuration of tsm-test'</msg>
<status status="PASS" starttime="20230503 13:54:42.336" endtime="20230503 13:54:42.336"/>
</kw>
<kw name="Pretty Print" library="rf.extensions">
<arg>${teststring_bench}</arg>
<arg>PARAMS-VERIFIKATION : ({teststring_bench} / tsm-testfile-18-several_tests-3-failed)</arg>
<doc>The ``pretty_print`` keyword logs the content of parameters of any Python data type (input: ``oData``).</doc>
<msg timestamp="20230503 13:54:42.340" level="INFO">PARAMS-VERIFIKATION : ({teststring_bench} / tsm-testfile-18-several_tests-3-failed) : [STR]  :  'I am the teststring containing the default value for all test benches'</msg>
<status status="PASS" starttime="20230503 13:54:42.340" endtime="20230503 13:54:42.340"/>
</kw>
<kw name="Fail" library="BuiltIn">
<doc>Fails the test with the given message and optionally alters its tags.</doc>
<msg timestamp="20230503 13:54:42.345" level="FAIL">AssertionError</msg>
<status status="FAIL" starttime="20230503 13:54:42.344" endtime="20230503 13:54:42.345"/>
</kw>
<kw name="Log" library="BuiltIn">
<arg>I must not be executed</arg>
<arg>console=yes</arg>
<doc>Logs the given message with the given level.</doc>
<status status="NOT RUN" starttime="20230503 13:54:42.345" endtime="20230503 13:54:42.345"/>
</kw>
<kw name="Testcase Teardown" library="tm" type="TEARDOWN">
<doc>This testcase_teardown defines the ``Testcase Teardown`` keyword, currently this keyword does nothing,
it's defined here for future requirements.</doc>
<msg timestamp="20230503 13:54:42.346" level="INFO">testcase_teardown: Will be implemented later</msg>
<status status="PASS" starttime="20230503 13:54:42.346" endtime="20230503 13:54:42.346"/>
</kw>
<doc>tsm-testfile-18-several_tests-3-failed</doc>
<status status="FAIL" starttime="20230503 13:54:42.333" endtime="20230503 13:54:42.346">AssertionError</status>
</test>
<test id="s1-t4" name="Test Case tsm-testfile-18-several_tests-4-failed">
<kw name="Testcase Setup" library="tm" type="SETUP">
<doc>This testcase_setup defines the ``Testcase Setup`` keyword, currently this keyword does nothing,
it's defined here for future requirements.</doc>
<msg timestamp="20230503 13:54:42.349" level="INFO">Test Count: 4</msg>
<status status="PASS" starttime="20230503 13:54:42.349" endtime="20230503 13:54:42.350"/>
</kw>
<kw name="Pretty Print" library="rf.extensions">
<arg>${CONFIG.Project}</arg>
<arg>PARAMS-VERIFIKATION : ({CONFIG.Project} / tsm-testfile-18-several_tests-4-failed)</arg>
<doc>The ``pretty_print`` keyword logs the content of parameters of any Python data type (input: ``oData``).</doc>
<msg timestamp="20230503 13:54:42.350" level="INFO">PARAMS-VERIFIKATION : ({CONFIG.Project} / tsm-testfile-18-several_tests-4-failed) : [STR]  :  'tsm-test_config_variant1'</msg>
<status status="PASS" starttime="20230503 13:54:42.350" endtime="20230503 13:54:42.351"/>
</kw>
<kw name="Pretty Print" library="rf.extensions">
<arg>${teststring_common}</arg>
<arg>PARAMS-VERIFIKATION : ({teststring_common} / tsm-testfile-18-several_tests-4-failed)</arg>
<doc>The ``pretty_print`` keyword logs the content of parameters of any Python data type (input: ``oData``).</doc>
<msg timestamp="20230503 13:54:42.355" level="INFO">PARAMS-VERIFIKATION : ({teststring_common} / tsm-testfile-18-several_tests-4-failed) : [STR]  :  'I am the common teststring valid for all variants and all test benches'</msg>
<status status="PASS" starttime="20230503 13:54:42.355" endtime="20230503 13:54:42.355"/>
</kw>
<kw name="Pretty Print" library="rf.extensions">
<arg>${teststring_variant}</arg>
<arg>PARAMS-VERIFIKATION : ({teststring_variant} / tsm-testfile-18-several_tests-4-failed)</arg>
<doc>The ``pretty_print`` keyword logs the content of parameters of any Python data type (input: ``oData``).</doc>
<msg timestamp="20230503 13:54:42.356" level="INFO">PARAMS-VERIFIKATION : ({teststring_variant} / tsm-testfile-18-several_tests-4-failed) : [STR]  :  'I am the 'variant1' configuration of tsm-test'</msg>
<status status="PASS" starttime="20230503 13:54:42.356" endtime="20230503 13:54:42.357"/>
</kw>
<kw name="Pretty Print" library="rf.extensions">
<arg>${teststring_bench}</arg>
<arg>PARAMS-VERIFIKATION : ({teststring_bench} / tsm-testfile-18-several_tests-4-failed)</arg>
<doc>The ``pretty_print`` keyword logs the content of parameters of any Python data type (input: ``oData``).</doc>
<msg timestamp="20230503 13:54:42.360" level="INFO">PARAMS-VERIFIKATION : ({teststring_bench} / tsm-testfile-18-several_tests-4-failed) : [STR]  :  'I am the teststring containing the default value for all test benches'</msg>
<status status="PASS" starttime="20230503 13:54:42.360" endtime="20230503 13:54:42.361"/>
</kw>
<kw name="Fail" library="BuiltIn">
<doc>Fails the test with the given message and optionally alters its tags.</doc>
<msg timestamp="20230503 13:54:42.362" level="FAIL">AssertionError</msg>
<status status="FAIL" starttime="20230503 13:54:42.361" endtime="20230503 13:54:42.362"/>
</kw>
<kw name="Log" library="BuiltIn">
<arg>I must not be executed</arg>
<arg>console=yes</arg>
<doc>Logs the given message with the given level.</doc>
<status status="NOT RUN" starttime="20230503 13:54:42.362" endtime="20230503 13:54:42.362"/>
</kw>
<kw name="Testcase Teardown" library="tm" type="TEARDOWN">
<doc>This testcase_teardown defines the ``Testcase Teardown`` keyword, currently this keyword does nothing,
it's defined here for future requirements.</doc>
<msg timestamp="20230503 13:54:42.363" level="INFO">testcase_teardown: Will be implemented later</msg>
<status status="PASS" starttime="20230503 13:54:42.363" endtime="20230503 13:54:42.363"/>
</kw>
<doc>tsm-testfile-18-several_tests-4-failed</doc>
<status status="FAIL" starttime="20230503 13:54:42.349" endtime="20230503 13:54:42.363">AssertionError</status>
</test>
<test id="s1-t5" name="Test Case tsm-testfile-18-several_tests-5-failed">
<kw name="Testcase Setup" library="tm" type="SETUP">
<doc>This testcase_setup defines the ``Testcase Setup`` keyword, currently this keyword does nothing,
it's defined here for future requirements.</doc>
<msg timestamp="20230503 13:54:42.366" level="INFO">Test Count: 5</msg>
<status status="PASS" starttime="20230503 13:54:42.366" endtime="20230503 13:54:42.366"/>
</kw>
<kw name="Pretty Print" library="rf.extensions">
<arg>${CONFIG.Project}</arg>
<arg>PARAMS-VERIFIKATION : ({CONFIG.Project} / tsm-testfile-18-several_tests-5-failed)</arg>
<doc>The ``pretty_print`` keyword logs the content of parameters of any Python data type (input: ``oData``).</doc>
<msg timestamp="20230503 13:54:42.367" level="INFO">PARAMS-VERIFIKATION : ({CONFIG.Project} / tsm-testfile-18-several_tests-5-failed) : [STR]  :  'tsm-test_config_variant1'</msg>
<status status="PASS" starttime="20230503 13:54:42.366" endtime="20230503 13:54:42.367"/>
</kw>
<kw name="Pretty Print" library="rf.extensions">
<arg>${teststring_common}</arg>
<arg>PARAMS-VERIFIKATION : ({teststring_common} / tsm-testfile-18-several_tests-5-failed)</arg>
<doc>The ``pretty_print`` keyword logs the content of parameters of any Python data type (input: ``oData``).</doc>
<msg timestamp="20230503 13:54:42.370" level="INFO">PARAMS-VERIFIKATION : ({teststring_common} / tsm-testfile-18-several_tests-5-failed) : [STR]  :  'I am the common teststring valid for all variants and all test benches'</msg>
<status status="PASS" starttime="20230503 13:54:42.369" endtime="20230503 13:54:42.370"/>
</kw>
<kw name="Pretty Print" library="rf.extensions">
<arg>${teststring_variant}</arg>
<arg>PARAMS-VERIFIKATION : ({teststring_variant} / tsm-testfile-18-several_tests-5-failed)</arg>
<doc>The ``pretty_print`` keyword logs the content of parameters of any Python data type (input: ``oData``).</doc>
<msg timestamp="20230503 13:54:42.370" level="INFO">PARAMS-VERIFIKATION : ({teststring_variant} / tsm-testfile-18-several_tests-5-failed) : [STR]  :  'I am the 'variant1' configuration of tsm-test'</msg>
<status status="PASS" starttime="20230503 13:54:42.370" endtime="20230503 13:54:42.371"/>
</kw>
<kw name="Pretty Print" library="rf.extensions">
<arg>${teststring_bench}</arg>
<arg>PARAMS-VERIFIKATION : ({teststring_bench} / tsm-testfile-18-several_tests-5-failed)</arg>
<doc>The ``pretty_print`` keyword logs the content of parameters of any Python data type (input: ``oData``).</doc>
<msg timestamp="20230503 13:54:42.375" level="INFO">PARAMS-VERIFIKATION : ({teststring_bench} / tsm-testfile-18-several_tests-5-failed) : [STR]  :  'I am the teststring containing the default value for all test benches'</msg>
<status status="PASS" starttime="20230503 13:54:42.374" endtime="20230503 13:54:42.375"/>
</kw>
<kw name="Fail" library="BuiltIn">
<doc>Fails the test with the given message and optionally alters its tags.</doc>
<msg timestamp="20230503 13:54:42.376" level="FAIL">AssertionError</msg>
<status status="FAIL" starttime="20230503 13:54:42.376" endtime="20230503 13:54:42.376"/>
</kw>
<kw name="Log" library="BuiltIn">
<arg>I must not be executed</arg>
<arg>console=yes</arg>
<doc>Logs the given message with the given level.</doc>
<status status="NOT RUN" starttime="20230503 13:54:42.377" endtime="20230503 13:54:42.377"/>
</kw>
<kw name="Testcase Teardown" library="tm" type="TEARDOWN">
<doc>This testcase_teardown defines the ``Testcase Teardown`` keyword, currently this keyword does nothing,
it's defined here for future requirements.</doc>
<msg timestamp="20230503 13:54:42.377" level="INFO">testcase_teardown: Will be implemented later</msg>
<status status="PASS" starttime="20230503 13:54:42.377" endtime="20230503 13:54:42.377"/>
</kw>
<doc>tsm-testfile-18-several_tests-5-failed</doc>
<status status="FAIL" starttime="20230503 13:54:42.365" endtime="20230503 13:54:42.378">AssertionError</status>
</test>
<test id="s1-t6" name="Test Case tsm-testfile-18-several_tests-6-unknown">
<kw name="Testcase Setup" library="tm" type="SETUP">
<doc>This testcase_setup defines the ``Testcase Setup`` keyword, currently this keyword does nothing,
it's defined here for future requirements.</doc>
<msg timestamp="20230503 13:54:42.385" level="INFO">Test Count: 6</msg>
<status status="PASS" starttime="20230503 13:54:42.385" endtime="20230503 13:54:42.385"/>
</kw>
<kw name="Pretty Print" library="rf.extensions">
<arg>${CONFIG.Project}</arg>
<arg>PARAMS-VERIFIKATION : ({CONFIG.Project} / tsm-testfile-18-several_tests-6-unknown)</arg>
<doc>The ``pretty_print`` keyword logs the content of parameters of any Python data type (input: ``oData``).</doc>
<msg timestamp="20230503 13:54:42.386" level="INFO">PARAMS-VERIFIKATION : ({CONFIG.Project} / tsm-testfile-18-several_tests-6-unknown) : [STR]  :  'tsm-test_config_variant1'</msg>
<status status="PASS" starttime="20230503 13:54:42.386" endtime="20230503 13:54:42.386"/>
</kw>
<kw name="Pretty Print" library="rf.extensions">
<arg>${teststring_common}</arg>
<arg>PARAMS-VERIFIKATION : ({teststring_common} / tsm-testfile-18-several_tests-6-unknown)</arg>
<doc>The ``pretty_print`` keyword logs the content of parameters of any Python data type (input: ``oData``).</doc>
<msg timestamp="20230503 13:54:42.387" level="INFO">PARAMS-VERIFIKATION : ({teststring_common} / tsm-testfile-18-several_tests-6-unknown) : [STR]  :  'I am the common teststring valid for all variants and all test benches'</msg>
<status status="PASS" starttime="20230503 13:54:42.387" endtime="20230503 13:54:42.387"/>
</kw>
<kw name="Pretty Print" library="rf.extensions">
<arg>${teststring_variant}</arg>
<arg>PARAMS-VERIFIKATION : ({teststring_variant} / tsm-testfile-18-several_tests-6-unknown)</arg>
<doc>The ``pretty_print`` keyword logs the content of parameters of any Python data type (input: ``oData``).</doc>
<msg timestamp="20230503 13:54:42.391" level="INFO">PARAMS-VERIFIKATION : ({teststring_variant} / tsm-testfile-18-several_tests-6-unknown) : [STR]  :  'I am the 'variant1' configuration of tsm-test'</msg>
<status status="PASS" starttime="20230503 13:54:42.391" endtime="20230503 13:54:42.392"/>
</kw>
<kw name="Pretty Print" library="rf.extensions">
<arg>${teststring_bench}</arg>
<arg>PARAMS-VERIFIKATION : ({teststring_bench} / tsm-testfile-18-several_tests-6-unknown)</arg>
<doc>The ``pretty_print`` keyword logs the content of parameters of any Python data type (input: ``oData``).</doc>
<msg timestamp="20230503 13:54:42.393" level="INFO">PARAMS-VERIFIKATION : ({teststring_bench} / tsm-testfile-18-several_tests-6-unknown) : [STR]  :  'I am the teststring containing the default value for all test benches'</msg>
<status status="PASS" starttime="20230503 13:54:42.393" endtime="20230503 13:54:42.393"/>
</kw>
<kw name="Unknown" library="BuiltIn">
<doc>Unknown the test with the given message and optionally alters its tags.</doc>
<msg timestamp="20230503 13:54:42.394" level="UNKNOWN">Exception occurred.</msg>
<status status="UNKNOWN" starttime="20230503 13:54:42.394" endtime="20230503 13:54:42.394"/>
</kw>
<kw name="Log" library="BuiltIn">
<arg>I must not be executed</arg>
<arg>console=yes</arg>
<doc>Logs the given message with the given level.</doc>
<status status="NOT RUN" starttime="20230503 13:54:42.395" endtime="20230503 13:54:42.395"/>
</kw>
<kw name="Testcase Teardown" library="tm" type="TEARDOWN">
<doc>This testcase_teardown defines the ``Testcase Teardown`` keyword, currently this keyword does nothing,
it's defined here for future requirements.</doc>
<msg timestamp="20230503 13:54:42.395" level="INFO">testcase_teardown: Will be implemented later</msg>
<status status="PASS" starttime="20230503 13:54:42.395" endtime="20230503 13:54:42.395"/>
</kw>
<doc>tsm-testfile-18-several_tests-6-unknown</doc>
<status status="UNKNOWN" starttime="20230503 13:54:42.383" endtime="20230503 13:54:42.396">Exception occurred.</status>
</test>
<test id="s1-t7" name="Test Case tsm-testfile-18-several_tests-7-unknown">
<kw name="Testcase Setup" library="tm" type="SETUP">
<doc>This testcase_setup defines the ``Testcase Setup`` keyword, currently this keyword does nothing,
it's defined here for future requirements.</doc>
<msg timestamp="20230503 13:54:42.398" level="INFO">Test Count: 7</msg>
<status status="PASS" starttime="20230503 13:54:42.397" endtime="20230503 13:54:42.398"/>
</kw>
<kw name="Pretty Print" library="rf.extensions">
<arg>${CONFIG.Project}</arg>
<arg>PARAMS-VERIFIKATION : ({CONFIG.Project} / tsm-testfile-18-several_tests-7-unknown)</arg>
<doc>The ``pretty_print`` keyword logs the content of parameters of any Python data type (input: ``oData``).</doc>
<msg timestamp="20230503 13:54:42.400" level="INFO">PARAMS-VERIFIKATION : ({CONFIG.Project} / tsm-testfile-18-several_tests-7-unknown) : [STR]  :  'tsm-test_config_variant1'</msg>
<status status="PASS" starttime="20230503 13:54:42.400" endtime="20230503 13:54:42.401"/>
</kw>
<kw name="Pretty Print" library="rf.extensions">
<arg>${teststring_common}</arg>
<arg>PARAMS-VERIFIKATION : ({teststring_common} / tsm-testfile-18-several_tests-7-unknown)</arg>
<doc>The ``pretty_print`` keyword logs the content of parameters of any Python data type (input: ``oData``).</doc>
<msg timestamp="20230503 13:54:42.401" level="INFO">PARAMS-VERIFIKATION : ({teststring_common} / tsm-testfile-18-several_tests-7-unknown) : [STR]  :  'I am the common teststring valid for all variants and all test benches'</msg>
<status status="PASS" starttime="20230503 13:54:42.401" endtime="20230503 13:54:42.402"/>
</kw>
<kw name="Pretty Print" library="rf.extensions">
<arg>${teststring_variant}</arg>
<arg>PARAMS-VERIFIKATION : ({teststring_variant} / tsm-testfile-18-several_tests-7-unknown)</arg>
<doc>The ``pretty_print`` keyword logs the content of parameters of any Python data type (input: ``oData``).</doc>
<msg timestamp="20230503 13:54:42.406" level="INFO">PARAMS-VERIFIKATION : ({teststring_variant} / tsm-testfile-18-several_tests-7-unknown) : [STR]  :  'I am the 'variant1' configuration of tsm-test'</msg>
<status status="PASS" starttime="20230503 13:54:42.406" endtime="20230503 13:54:42.406"/>
</kw>
<kw name="Pretty Print" library="rf.extensions">
<arg>${teststring_bench}</arg>
<arg>PARAMS-VERIFIKATION : ({teststring_bench} / tsm-testfile-18-several_tests-7-unknown)</arg>
<doc>The ``pretty_print`` keyword logs the content of parameters of any Python data type (input: ``oData``).</doc>
<msg timestamp="20230503 13:54:42.407" level="INFO">PARAMS-VERIFIKATION : ({teststring_bench} / tsm-testfile-18-several_tests-7-unknown) : [STR]  :  'I am the teststring containing the default value for all test benches'</msg>
<status status="PASS" starttime="20230503 13:54:42.407" endtime="20230503 13:54:42.407"/>
</kw>
<kw name="Unknown" library="BuiltIn">
<doc>Unknown the test with the given message and optionally alters its tags.</doc>
<msg timestamp="20230503 13:54:42.408" level="UNKNOWN">Exception occurred.</msg>
<status status="UNKNOWN" starttime="20230503 13:54:42.408" endtime="20230503 13:54:42.408"/>
</kw>
<kw name="Log" library="BuiltIn">
<arg>I must not be executed</arg>
<arg>console=yes</arg>
<doc>Logs the given message with the given level.</doc>
<status status="NOT RUN" starttime="20230503 13:54:42.409" endtime="20230503 13:54:42.409"/>
</kw>
<kw name="Testcase Teardown" library="tm" type="TEARDOWN">
<doc>This testcase_teardown defines the ``Testcase Teardown`` keyword, currently this keyword does nothing,
it's defined here for future requirements.</doc>
<msg timestamp="20230503 13:54:42.410" level="INFO">testcase_teardown: Will be implemented later</msg>
<status status="PASS" starttime="20230503 13:54:42.409" endtime="20230503 13:54:42.410"/>
</kw>
<doc>tsm-testfile-18-several_tests-7-unknown</doc>
<status status="UNKNOWN" starttime="20230503 13:54:42.397" endtime="20230503 13:54:42.410">Exception occurred.</status>
</test>
<test id="s1-t8" name="Test Case tsm-testfile-18-several_tests-8-unknown">
<kw name="Testcase Setup" library="tm" type="SETUP">
<doc>This testcase_setup defines the ``Testcase Setup`` keyword, currently this keyword does nothing,
it's defined here for future requirements.</doc>
<msg timestamp="20230503 13:54:42.417" level="INFO">Test Count: 8</msg>
<status status="PASS" starttime="20230503 13:54:42.417" endtime="20230503 13:54:42.417"/>
</kw>
<kw name="Pretty Print" library="rf.extensions">
<arg>${CONFIG.Project}</arg>
<arg>PARAMS-VERIFIKATION : ({CONFIG.Project} / tsm-testfile-18-several_tests-8-unknown)</arg>
<doc>The ``pretty_print`` keyword logs the content of parameters of any Python data type (input: ``oData``).</doc>
<msg timestamp="20230503 13:54:42.418" level="INFO">PARAMS-VERIFIKATION : ({CONFIG.Project} / tsm-testfile-18-several_tests-8-unknown) : [STR]  :  'tsm-test_config_variant1'</msg>
<status status="PASS" starttime="20230503 13:54:42.418" endtime="20230503 13:54:42.418"/>
</kw>
<kw name="Pretty Print" library="rf.extensions">
<arg>${teststring_common}</arg>
<arg>PARAMS-VERIFIKATION : ({teststring_common} / tsm-testfile-18-several_tests-8-unknown)</arg>
<doc>The ``pretty_print`` keyword logs the content of parameters of any Python data type (input: ``oData``).</doc>
<msg timestamp="20230503 13:54:42.421" level="INFO">PARAMS-VERIFIKATION : ({teststring_common} / tsm-testfile-18-several_tests-8-unknown) : [STR]  :  'I am the common teststring valid for all variants and all test benches'</msg>
<status status="PASS" starttime="20230503 13:54:42.421" endtime="20230503 13:54:42.421"/>
</kw>
<kw name="Pretty Print" library="rf.extensions">
<arg>${teststring_variant}</arg>
<arg>PARAMS-VERIFIKATION : ({teststring_variant} / tsm-testfile-18-several_tests-8-unknown)</arg>
<doc>The ``pretty_print`` keyword logs the content of parameters of any Python data type (input: ``oData``).</doc>
<msg timestamp="20230503 13:54:42.422" level="INFO">PARAMS-VERIFIKATION : ({teststring_variant} / tsm-testfile-18-several_tests-8-unknown) : [STR]  :  'I am the 'variant1' configuration of tsm-test'</msg>
<status status="PASS" starttime="20230503 13:54:42.422" endtime="20230503 13:54:42.423"/>
</kw>
<kw name="Pretty Print" library="rf.extensions">
<arg>${teststring_bench}</arg>
<arg>PARAMS-VERIFIKATION : ({teststring_bench} / tsm-testfile-18-several_tests-8-unknown)</arg>
<doc>The ``pretty_print`` keyword logs the content of parameters of any Python data type (input: ``oData``).</doc>
<msg timestamp="20230503 13:54:42.424" level="INFO">PARAMS-VERIFIKATION : ({teststring_bench} / tsm-testfile-18-several_tests-8-unknown) : [STR]  :  'I am the teststring containing the default value for all test benches'</msg>
<status status="PASS" starttime="20230503 13:54:42.423" endtime="20230503 13:54:42.424"/>
</kw>
<kw name="Unknown" library="BuiltIn">
<doc>Unknown the test with the given message and optionally alters its tags.</doc>
<msg timestamp="20230503 13:54:42.425" level="UNKNOWN">Exception occurred.</msg>
<status status="UNKNOWN" starttime="20230503 13:54:42.424" endtime="20230503 13:54:42.425"/>
</kw>
<kw name="Log" library="BuiltIn">
<arg>I must not be executed</arg>
<arg>console=yes</arg>
<doc>Logs the given message with the given level.</doc>
<status status="NOT RUN" starttime="20230503 13:54:42.425" endtime="20230503 13:54:42.425"/>
</kw>
<kw name="Testcase Teardown" library="tm" type="TEARDOWN">
<doc>This testcase_teardown defines the ``Testcase Teardown`` keyword, currently this keyword does nothing,
it's defined here for future requirements.</doc>
<msg timestamp="20230503 13:54:42.426" level="INFO">testcase_teardown: Will be implemented later</msg>
<status status="PASS" starttime="20230503 13:54:42.426" endtime="20230503 13:54:42.426"/>
</kw>
<doc>tsm-testfile-18-several_tests-8-unknown</doc>
<status status="UNKNOWN" starttime="20230503 13:54:42.415" endtime="20230503 13:54:42.427">Exception occurred.</status>
</test>
<test id="s1-t9" name="Test Case tsm-testfile-18-several_tests-9-unknown">
<kw name="Testcase Setup" library="tm" type="SETUP">
<doc>This testcase_setup defines the ``Testcase Setup`` keyword, currently this keyword does nothing,
it's defined here for future requirements.</doc>
<msg timestamp="20230503 13:54:42.429" level="INFO">Test Count: 9</msg>
<status status="PASS" starttime="20230503 13:54:42.429" endtime="20230503 13:54:42.429"/>
</kw>
<kw name="Pretty Print" library="rf.extensions">
<arg>${CONFIG.Project}</arg>
<arg>PARAMS-VERIFIKATION : ({CONFIG.Project} / tsm-testfile-18-several_tests-9-unknown)</arg>
<doc>The ``pretty_print`` keyword logs the content of parameters of any Python data type (input: ``oData``).</doc>
<msg timestamp="20230503 13:54:42.430" level="INFO">PARAMS-VERIFIKATION : ({CONFIG.Project} / tsm-testfile-18-several_tests-9-unknown) : [STR]  :  'tsm-test_config_variant1'</msg>
<status status="PASS" starttime="20230503 13:54:42.430" endtime="20230503 13:54:42.431"/>
</kw>
<kw name="Pretty Print" library="rf.extensions">
<arg>${teststring_common}</arg>
<arg>PARAMS-VERIFIKATION : ({teststring_common} / tsm-testfile-18-several_tests-9-unknown)</arg>
<doc>The ``pretty_print`` keyword logs the content of parameters of any Python data type (input: ``oData``).</doc>
<msg timestamp="20230503 13:54:42.433" level="INFO">PARAMS-VERIFIKATION : ({teststring_common} / tsm-testfile-18-several_tests-9-unknown) : [STR]  :  'I am the common teststring valid for all variants and all test benches'</msg>
<status status="PASS" starttime="20230503 13:54:42.433" endtime="20230503 13:54:42.433"/>
</kw>
<kw name="Pretty Print" library="rf.extensions">
<arg>${teststring_variant}</arg>
<arg>PARAMS-VERIFIKATION : ({teststring_variant} / tsm-testfile-18-several_tests-9-unknown)</arg>
<doc>The ``pretty_print`` keyword logs the content of parameters of any Python data type (input: ``oData``).</doc>
<msg timestamp="20230503 13:54:42.436" level="INFO">PARAMS-VERIFIKATION : ({teststring_variant} / tsm-testfile-18-several_tests-9-unknown) : [STR]  :  'I am the 'variant1' configuration of tsm-test'</msg>
<status status="PASS" starttime="20230503 13:54:42.436" endtime="20230503 13:54:42.436"/>
</kw>
<kw name="Pretty Print" library="rf.extensions">
<arg>${teststring_bench}</arg>
<arg>PARAMS-VERIFIKATION : ({teststring_bench} / tsm-testfile-18-several_tests-9-unknown)</arg>
<doc>The ``pretty_print`` keyword logs the content of parameters of any Python data type (input: ``oData``).</doc>
<msg timestamp="20230503 13:54:42.438" level="INFO">PARAMS-VERIFIKATION : ({teststring_bench} / tsm-testfile-18-several_tests-9-unknown) : [STR]  :  'I am the teststring containing the default value for all test benches'</msg>
<status status="PASS" starttime="20230503 13:54:42.438" endtime="20230503 13:54:42.438"/>
</kw>
<kw name="Unknown" library="BuiltIn">
<doc>Unknown the test with the given message and optionally alters its tags.</doc>
<msg timestamp="20230503 13:54:42.439" level="UNKNOWN">Exception occurred.</msg>
<status status="UNKNOWN" starttime="20230503 13:54:42.439" endtime="20230503 13:54:42.439"/>
</kw>
<kw name="Log" library="BuiltIn">
<arg>I must not be executed</arg>
<arg>console=yes</arg>
<doc>Logs the given message with the given level.</doc>
<status status="NOT RUN" starttime="20230503 13:54:42.440" endtime="20230503 13:54:42.440"/>
</kw>
<kw name="Testcase Teardown" library="tm" type="TEARDOWN">
<doc>This testcase_teardown defines the ``Testcase Teardown`` keyword, currently this keyword does nothing,
it's defined here for future requirements.</doc>
<msg timestamp="20230503 13:54:42.440" level="INFO">testcase_teardown: Will be implemented later</msg>
<status status="PASS" starttime="20230503 13:54:42.440" endtime="20230503 13:54:42.440"/>
</kw>
<doc>tsm-testfile-18-several_tests-9-unknown</doc>
<status status="UNKNOWN" starttime="20230503 13:54:42.428" endtime="20230503 13:54:42.441">Exception occurred.</status>
</test>
<kw name="Testsuite Teardown" library="tm" type="TEARDOWN">
<doc>This testsuite_teardown defines the ``Testsuite Teardown`` keyword, currently this keyword does nothing,
it's defined here for future requirements.</doc>
<msg timestamp="20230503 13:54:42.442" level="INFO">testsuite_teardown: Will be implemented later</msg>
<status status="PASS" starttime="20230503 13:54:42.442" endtime="20230503 13:54:42.442"/>
</kw>
<meta name="machine">HI7-C-0005Y</meta>
<meta name="project">tsm-test_config_variant1</meta>
<meta name="tester">Queckenstedt Holger (XC-CT/ECA3)</meta>
<meta name="testtool">Robot Framework 4.1.3 (Python 3.9.16 on win32)</meta>
<meta name="version">0.7.0</meta>
<meta name="version_hw"/>
<meta name="version_sw"/>
<meta name="version_test"/>
<status status="UNKNOWN" starttime="20230503 13:54:42.169" endtime="20230503 13:54:42.442"/>
</suite>
<statistics>
<total>
<stat pass="2" fail="3" skip="0" unknown="4">All Tests</stat>
</total>
<tag>
</tag>
<suite>
<stat pass="2" fail="3" skip="0" unknown="4" id="s1" name="Tsm-Testfile-18-Several Tests">Tsm-Testfile-18-Several Tests</stat>
</suite>
</statistics>
<errors>
</errors>
</robot>
